Removed Pin From Net: NetName=ISO_STEP_A Pin=R23-1
Removed Pin From Net: NetName=STEP_A Pin=R24-1
Removed Pin From Net: NetName=ISO_DIR_A Pin=R25-1
Removed Pin From Net: NetName=DIR_A Pin=R26-1
Removed Pin From Net: NetName=ISO_STEP_B Pin=R27-1
Removed Pin From Net: NetName=STEP_B Pin=R28-1
Removed Pin From Net: NetName=ISO_DIR_B Pin=R29-1
Removed Pin From Net: NetName=DIR_B Pin=R30-1
Removed Pin From Net: NetName=ISO_STEP_C Pin=R31-1
Removed Pin From Net: NetName=STEP_C Pin=R33-1
Removed Pin From Net: NetName=ISO_DIR_C Pin=R35-1
Removed Pin From Net: NetName=DIR_C Pin=R36-1
Added Pin To Net: NetName=ISO_DIR_A Pin=R23-1
Added Pin To Net: NetName=DIR_A Pin=R24-1
Added Pin To Net: NetName=ISO_STEP_A Pin=R25-1
Added Pin To Net: NetName=STEP_A Pin=R26-1
Added Pin To Net: NetName=ISO_DIR_B Pin=R27-1
Added Pin To Net: NetName=DIR_B Pin=R28-1
Added Pin To Net: NetName=ISO_STEP_B Pin=R29-1
Added Pin To Net: NetName=STEP_B Pin=R30-1
Added Pin To Net: NetName=ISO_DIR_C Pin=R31-1
Added Pin To Net: NetName=DIR_C Pin=R33-1
Added Pin To Net: NetName=ISO_STEP_C Pin=R35-1
Added Pin To Net: NetName=STEP_C Pin=R36-1
Added Member To Class: ClassName=OPTOCUPLERS Member=Component U5 TLP2312
