Change Component Footprint: Designator=C5 Old Footprint=CAPC1608X06M New Footprint=CAPC1005X04N
Change Component Footprint: Designator=C6 Old Footprint=CAPC1608X06M New Footprint=CAPC1005X04N
Change Component Footprint: Designator=C28 Old Footprint=CAPC1608X06M New Footprint=CAPC1005X04N
Change Component Footprint: Designator=C29 Old Footprint=CAPC1608X06M New Footprint=CAPC1005X04N
Change component parameters: Designator = "C5" ("C5"); Footprint = "CAPC1608X06M"; UniqueID = "\QLZKSILO\QNBTRSAE" ("\QLZKSILO\QNBTRSAE")
Change component parameters (AddParameter): Name = "DielectricType"; Value = "X7R"; VariantName = "[No Variations]"
Change component parameters (AddParameter): Name = "Package"; Value = "0402"; VariantName = "[No Variations]"
Change component parameters (AddParameter): Name = "Supplier Part Number 1"; Value = ""; VariantName = "[No Variations]"
Change component parameters (AddParameter): Name = "Tolerant"; Value = "10%"; VariantName = "[No Variations]"
Change component parameters (AddParameter): Name = "Value"; Value = "10nF"; VariantName = "[No Variations]"
Change component parameters (AddParameter): Name = "Voltage"; Value = "50V"; VariantName = "[No Variations]"
Change component parameters: Designator = "C6" ("C6"); Footprint = "CAPC1608X06M"; UniqueID = "\QLZKSILO\MVOWACJA" ("\QLZKSILO\MVOWACJA")
Change component parameters (AddParameter): Name = "DielectricType"; Value = "X7R"; VariantName = "[No Variations]"
Change component parameters (AddParameter): Name = "Package"; Value = "0402"; VariantName = "[No Variations]"
Change component parameters (AddParameter): Name = "Supplier Part Number 1"; Value = ""; VariantName = "[No Variations]"
Change component parameters (AddParameter): Name = "Tolerant"; Value = "10%"; VariantName = "[No Variations]"
Change component parameters (AddParameter): Name = "Value"; Value = "100nF"; VariantName = "[No Variations]"
Change component parameters (AddParameter): Name = "Voltage"; Value = "50V"; VariantName = "[No Variations]"
Change component parameters: Designator = "C28" ("C28"); Footprint = "CAPC1608X06M"; UniqueID = "\QLZKSILO\SPFICHGK" ("\QLZKSILO\SPFICHGK")
Change component parameters (AddParameter): Name = "DielectricType"; Value = "X7R"; VariantName = "[No Variations]"
Change component parameters (AddParameter): Name = "Package"; Value = "0402"; VariantName = "[No Variations]"
Change component parameters (AddParameter): Name = "Supplier Part Number 1"; Value = ""; VariantName = "[No Variations]"
Change component parameters (AddParameter): Name = "Tolerant"; Value = "10%"; VariantName = "[No Variations]"
Change component parameters (AddParameter): Name = "Value"; Value = "10nF"; VariantName = "[No Variations]"
Change component parameters (AddParameter): Name = "Voltage"; Value = "50V"; VariantName = "[No Variations]"
Change component parameters: Designator = "C29" ("C29"); Footprint = "CAPC1608X06M"; UniqueID = "\QLZKSILO\FYJNCVLC" ("\QLZKSILO\FYJNCVLC")
Change component parameters (AddParameter): Name = "DielectricType"; Value = "X7R"; VariantName = "[No Variations]"
Change component parameters (AddParameter): Name = "Package"; Value = "0402"; VariantName = "[No Variations]"
Change component parameters (AddParameter): Name = "Supplier Part Number 1"; Value = ""; VariantName = "[No Variations]"
Change component parameters (AddParameter): Name = "Tolerant"; Value = "10%"; VariantName = "[No Variations]"
Change component parameters (AddParameter): Name = "Value"; Value = "100nF"; VariantName = "[No Variations]"
Change component parameters (AddParameter): Name = "Voltage"; Value = "50V"; VariantName = "[No Variations]"
