Change Component Footprint: Designator=C3 Old Footprint=CAPC1005X04N New Footprint=CAPC1608X06N
Change Component Footprint: Designator=C18 Old Footprint=CAPC1005X04N New Footprint=CAPC1608X06N
Change Component Footprint: Designator=C26 Old Footprint=CAPC1005X04N New Footprint=CAPC1608X06N
Change component parameters: Designator = "C3" ("C3"); Footprint = "CAPC1005X04N"; UniqueID = "\QLZKSILO\HXTONXIX" ("\QLZKSILO\HXTONXIX")
Change component parameters (AddParameter): Name = "DielectricType"; Value = "X7R"; VariantName = "[No Variations]"
Change component parameters (AddParameter): Name = "Package"; Value = "0603"; VariantName = "[No Variations]"
Change component parameters (AddParameter): Name = "Supplier Part Number 1"; Value = ""; VariantName = "[No Variations]"
Change component parameters (AddParameter): Name = "Tolerant"; Value = "10%"; VariantName = "[No Variations]"
Change component parameters (AddParameter): Name = "Value"; Value = "1uF"; VariantName = "[No Variations]"
Change component parameters (AddParameter): Name = "Voltage"; Value = "16V"; VariantName = "[No Variations]"
Change component parameters: Designator = "C18" ("C18"); Footprint = "CAPC1005X04N"; UniqueID = "\QLZKSILO\OLLISVKF" ("\QLZKSILO\OLLISVKF")
Change component parameters (AddParameter): Name = "DielectricType"; Value = "X7R"; VariantName = "[No Variations]"
Change component parameters (AddParameter): Name = "Package"; Value = "0603"; VariantName = "[No Variations]"
Change component parameters (AddParameter): Name = "Supplier Part Number 1"; Value = ""; VariantName = "[No Variations]"
Change component parameters (AddParameter): Name = "Tolerant"; Value = "10%"; VariantName = "[No Variations]"
Change component parameters (AddParameter): Name = "Value"; Value = "1uF"; VariantName = "[No Variations]"
Change component parameters (AddParameter): Name = "Voltage"; Value = "16V"; VariantName = "[No Variations]"
Change component parameters: Designator = "C26" ("C26"); Footprint = "CAPC1005X04N"; UniqueID = "\QLZKSILO\JZIPUVEZ" ("\QLZKSILO\JZIPUVEZ")
Change component parameters (AddParameter): Name = "DielectricType"; Value = "X7R"; VariantName = "[No Variations]"
Change component parameters (AddParameter): Name = "Package"; Value = "0603"; VariantName = "[No Variations]"
Change component parameters (AddParameter): Name = "Supplier Part Number 1"; Value = ""; VariantName = "[No Variations]"
Change component parameters (AddParameter): Name = "Tolerant"; Value = "10%"; VariantName = "[No Variations]"
Change component parameters (AddParameter): Name = "Value"; Value = "1uF"; VariantName = "[No Variations]"
Change component parameters (AddParameter): Name = "Voltage"; Value = "16V"; VariantName = "[No Variations]"
